<?xml version="1.0" encoding="UTF-8"?>
<testng-results skipped="0" failed="0" total="1" passed="1">
  <reporter-output>
  </reporter-output>
  <suite name="Default suite" duration-ms="25950" started-at="2018-05-09T03:05:46Z" finished-at="2018-05-09T03:06:12Z">
    <groups>
    </groups>
    <test name="Default test" duration-ms="25950" started-at="2018-05-09T03:05:46Z" finished-at="2018-05-09T03:06:12Z">
      <class name="popupss.popupmessage">
        <test-method status="PASS" signature="wordpresslogin()[pri:0, instance:popupss.popupmessage@7dc7cbad]" name="wordpresslogin" duration-ms="25911" started-at="2018-05-09T15:05:46Z" finished-at="2018-05-09T15:06:12Z">
          <reporter-output>
          </reporter-output>
        </test-method> <!-- wordpresslogin -->
      </class> <!-- popupss.popupmessage -->
    </test> <!-- Default test -->
  </suite> <!-- Default suite -->
</testng-results>
